<?xml version="1.0" encoding="UTF-8"?>
<!-- Generated by org.testng.reporters.JUnitXMLReporter -->
<testsuite hostname="DESKTOP-RTGTF08" ignored="0" name="Default test" tests="6" failures="0" timestamp="2022-02-23T20:56:47 IST" time="12.053" errors="0">
  <testcase name="accPageTitleTest" time="0.022" classname="com.web.open.test.AccountPageTest"/>
  <testcase name="accPageUrlTest" time="0.013" classname="com.web.open.test.AccountPageTest"/>
  <testcase name="logOutLinkTest" time="0.19" classname="com.web.open.test.AccountPageTest"/>
  <testcase name="accSectionTest" time="0.13" classname="com.web.open.test.AccountPageTest"/>
  <testcase name="accHeaderTest" time="0.052" classname="com.web.open.test.AccountPageTest"/>
  <testcase name="searchTest" time="1.828" classname="com.web.open.test.AccountPageTest"/>
</testsuite> <!-- Default test -->
