<?xml version="1.0" encoding="UTF-8"?>
<testng-results skipped="0" failed="0" ignored="0" total="6" passed="6">
  <reporter-output>
  </reporter-output>
  <suite name="Default suite" duration-ms="12053" started-at="2022-02-23T20:56:35 IST" finished-at="2022-02-23T20:56:47 IST">
    <groups>
    </groups>
    <test name="Default test" duration-ms="12053" started-at="2022-02-23T20:56:35 IST" finished-at="2022-02-23T20:56:47 IST">
      <class name="com.web.open.test.AccountPageTest">
        <test-method status="PASS" signature="setup()[pri:0, instance:com.web.open.test.AccountPageTest@33723e30]" name="setup" is-config="true" duration-ms="6280" started-at="2022-02-23T20:56:35 IST" finished-at="2022-02-23T20:56:42 IST">
          <reporter-output>
          </reporter-output>
        </test-method> <!-- setup -->
        <test-method status="PASS" signature="accountPageSetUp()[pri:0, instance:com.web.open.test.AccountPageTest@33723e30]" name="accountPageSetUp" is-config="true" duration-ms="3045" started-at="2022-02-23T20:56:42 IST" finished-at="2022-02-23T20:56:45 IST">
          <reporter-output>
          </reporter-output>
        </test-method> <!-- accountPageSetUp -->
        <test-method status="PASS" signature="accPageTitleTest()[pri:1, instance:com.web.open.test.AccountPageTest@33723e30]" name="accPageTitleTest" duration-ms="22" started-at="2022-02-23T20:56:45 IST" finished-at="2022-02-23T20:56:45 IST">
          <reporter-output>
          </reporter-output>
        </test-method> <!-- accPageTitleTest -->
        <test-method status="PASS" signature="accPageUrlTest()[pri:2, instance:com.web.open.test.AccountPageTest@33723e30]" name="accPageUrlTest" duration-ms="13" started-at="2022-02-23T20:56:45 IST" finished-at="2022-02-23T20:56:45 IST">
          <reporter-output>
          </reporter-output>
        </test-method> <!-- accPageUrlTest -->
        <test-method status="PASS" signature="logOutLinkTest()[pri:3, instance:com.web.open.test.AccountPageTest@33723e30]" name="logOutLinkTest" duration-ms="190" started-at="2022-02-23T20:56:45 IST" finished-at="2022-02-23T20:56:45 IST">
          <reporter-output>
          </reporter-output>
        </test-method> <!-- logOutLinkTest -->
        <test-method status="PASS" signature="accSectionTest()[pri:4, instance:com.web.open.test.AccountPageTest@33723e30]" name="accSectionTest" duration-ms="130" started-at="2022-02-23T20:56:45 IST" finished-at="2022-02-23T20:56:45 IST">
          <reporter-output>
          </reporter-output>
        </test-method> <!-- accSectionTest -->
        <test-method status="PASS" signature="accHeaderTest()[pri:5, instance:com.web.open.test.AccountPageTest@33723e30]" name="accHeaderTest" duration-ms="52" started-at="2022-02-23T20:56:45 IST" finished-at="2022-02-23T20:56:45 IST">
          <reporter-output>
          </reporter-output>
        </test-method> <!-- accHeaderTest -->
        <test-method status="PASS" signature="searchTest()[pri:6, instance:com.web.open.test.AccountPageTest@33723e30]" name="searchTest" duration-ms="1828" started-at="2022-02-23T20:56:45 IST" finished-at="2022-02-23T20:56:47 IST">
          <reporter-output>
          </reporter-output>
        </test-method> <!-- searchTest -->
        <test-method status="PASS" signature="teardown()[pri:0, instance:com.web.open.test.AccountPageTest@33723e30]" name="teardown" is-config="true" duration-ms="388" started-at="2022-02-23T20:56:47 IST" finished-at="2022-02-23T20:56:47 IST">
          <reporter-output>
          </reporter-output>
        </test-method> <!-- teardown -->
      </class> <!-- com.web.open.test.AccountPageTest -->
    </test> <!-- Default test -->
  </suite> <!-- Default suite -->
</testng-results>
